/home/daci3090/data3090/Software/environment/anaconda3/envs/geyucheng_poly/lib/python3.10/site-packages/outdated/__init__.py:36: UserWarning: pkg_resources is deprecated as an API. See https://setuptools.pypa.io/en/latest/pkg_resources.html. The pkg_resources package is slated for removal as early as 2025-11-30. Refrain from using this package or pin to Setuptools<81.
  from pkg_resources import parse_version
========================
Namespace(seed=42, epochs=2000, lr=0.0002, weight_decay=0.0, attn_lr=0.01, attn_wd=0.001, early_stopping=250, hidden=128, dropout=0.4, dprate=0.6, n_head=8, d_ffn=512, q=2.0, multi=0.5, K=10, nlayer=2, base='mono', dataset='ogbn-arxiv', device_idx=0, net='PolyFormer', runs=1, metric='acc', test=1, batch_size=10000)
----------------------------------------------------------------------------------------------------
2026-03-25 11:28:39
Number of labels for ogbn-arxiv_split_0_K_10_mono 40
cuda:0 ./pretrained/5c348440f504499c92140daecfffa6b0.pt
Epoch:0001 train loss:4.305 acc:9.65 | val loss:3.179 acc:7.70
Epoch:0002 train loss:3.268 acc:18.45 | val loss:2.791 acc:30.76
Epoch:0003 train loss:2.974 acc:24.76 | val loss:2.497 acc:32.93
Epoch:0004 train loss:2.697 acc:30.51 | val loss:2.319 acc:37.03
Epoch:0005 train loss:2.500 acc:34.62 | val loss:2.009 acc:45.49
Epoch:0006 train loss:2.327 acc:39.00 | val loss:1.876 acc:50.05
Epoch:0007 train loss:2.165 acc:43.25 | val loss:1.751 acc:53.54
Epoch:0008 train loss:2.031 acc:46.87 | val loss:1.510 acc:60.06
Epoch:0009 train loss:1.906 acc:50.06 | val loss:1.418 acc:61.56
Epoch:0010 train loss:1.805 acc:52.67 | val loss:1.363 acc:63.38
Epoch:0011 train loss:1.730 acc:54.43 | val loss:1.329 acc:64.55
Epoch:0012 train loss:1.653 acc:56.10 | val loss:1.335 acc:64.39
Epoch:0013 train loss:1.614 acc:57.04 | val loss:1.249 acc:65.62
Epoch:0014 train loss:1.571 acc:58.12 | val loss:1.265 acc:65.63
Epoch:0015 train loss:1.536 acc:58.66 | val loss:1.197 acc:66.29
Epoch:0016 train loss:1.506 acc:59.29 | val loss:1.206 acc:66.82
Epoch:0017 train loss:1.480 acc:59.79 | val loss:1.192 acc:66.93
Epoch:0018 train loss:1.452 acc:60.72 | val loss:1.148 acc:67.27
Epoch:0019 train loss:1.428 acc:60.96 | val loss:1.157 acc:67.42
Epoch:0020 train loss:1.417 acc:61.32 | val loss:1.184 acc:67.11
Epoch:0021 train loss:1.393 acc:61.82 | val loss:1.126 acc:68.02
Epoch:0022 train loss:1.376 acc:62.12 | val loss:1.111 acc:67.61
Epoch:0023 train loss:1.360 acc:62.44 | val loss:1.128 acc:67.75
Epoch:0024 train loss:1.338 acc:62.81 | val loss:1.115 acc:68.41
Epoch:0025 train loss:1.338 acc:62.97 | val loss:1.109 acc:68.46
Epoch:0026 train loss:1.318 acc:63.50 | val loss:1.078 acc:68.78
Epoch:0027 train loss:1.313 acc:63.66 | val loss:1.088 acc:68.74
Epoch:0028 train loss:1.288 acc:63.98 | val loss:1.152 acc:68.45
Epoch:0029 train loss:1.296 acc:63.84 | val loss:1.073 acc:68.60
Epoch:0030 train loss:1.279 acc:64.53 | val loss:1.143 acc:68.35
Epoch:0031 train loss:1.276 acc:64.45 | val loss:1.071 acc:68.99
Epoch:0032 train loss:1.269 acc:64.60 | val loss:1.077 acc:69.21
Epoch:0033 train loss:1.252 acc:65.07 | val loss:1.043 acc:69.10
Epoch:0034 train loss:1.246 acc:65.21 | val loss:1.067 acc:69.49
Epoch:0035 train loss:1.238 acc:65.27 | val loss:1.061 acc:69.97
Epoch:0036 train loss:1.224 acc:65.80 | val loss:1.072 acc:69.42
Epoch:0037 train loss:1.220 acc:65.70 | val loss:1.050 acc:70.09
Epoch:0038 train loss:1.213 acc:65.88 | val loss:1.072 acc:69.49
Epoch:0039 train loss:1.205 acc:66.14 | val loss:1.046 acc:69.63
Epoch:0040 train loss:1.194 acc:66.31 | val loss:1.047 acc:69.97
Epoch:0041 train loss:1.198 acc:66.31 | val loss:1.027 acc:70.05
Epoch:0042 train loss:1.184 acc:66.55 | val loss:1.035 acc:69.96
Epoch:0043 train loss:1.183 acc:66.71 | val loss:1.044 acc:70.36
Epoch:0044 train loss:1.179 acc:66.86 | val loss:1.019 acc:70.32
Epoch:0045 train loss:1.170 acc:66.77 | val loss:1.035 acc:70.24
Epoch:0046 train loss:1.165 acc:67.10 | val loss:1.040 acc:70.22
Epoch:0047 train loss:1.162 acc:67.06 | val loss:1.034 acc:70.75
Epoch:0048 train loss:1.158 acc:67.06 | val loss:1.058 acc:70.11
Epoch:0049 train loss:1.155 acc:67.30 | val loss:1.024 acc:70.55
Epoch:0050 train loss:1.150 acc:67.30 | val loss:1.032 acc:69.99
Epoch:0051 train loss:1.139 acc:67.44 | val loss:1.029 acc:70.98
Epoch:0052 train loss:1.133 acc:67.77 | val loss:1.017 acc:70.63
Epoch:0053 train loss:1.134 acc:67.65 | val loss:1.027 acc:71.12
Epoch:0054 train loss:1.134 acc:67.80 | val loss:1.028 acc:70.37
Epoch:0055 train loss:1.131 acc:68.02 | val loss:1.046 acc:70.27
Epoch:0056 train loss:1.128 acc:67.83 | val loss:1.029 acc:70.91
Epoch:0057 train loss:1.120 acc:68.14 | val loss:1.009 acc:71.02
Epoch:0058 train loss:1.116 acc:68.09 | val loss:1.008 acc:71.22
Epoch:0059 train loss:1.107 acc:68.45 | val loss:0.991 acc:71.44
Epoch:0060 train loss:1.105 acc:68.48 | val loss:1.042 acc:70.62
Epoch:0061 train loss:1.103 acc:68.43 | val loss:1.020 acc:71.15
Epoch:0062 train loss:1.098 acc:68.77 | val loss:1.001 acc:71.27
Epoch:0063 train loss:1.102 acc:68.36 | val loss:0.995 acc:71.37
Epoch:0064 train loss:1.087 acc:68.80 | val loss:1.007 acc:71.27
Epoch:0065 train loss:1.082 acc:68.90 | val loss:0.989 acc:71.84
Epoch:0066 train loss:1.086 acc:68.93 | val loss:0.991 acc:71.43
Epoch:0067 train loss:1.084 acc:68.75 | val loss:0.997 acc:71.38
Epoch:0068 train loss:1.082 acc:68.98 | val loss:0.996 acc:71.60
Epoch:0069 train loss:1.078 acc:69.00 | val loss:1.016 acc:71.33
Epoch:0070 train loss:1.077 acc:69.09 | val loss:1.009 acc:70.80
Epoch:0071 train loss:1.075 acc:69.11 | val loss:0.998 acc:71.63
Epoch:0072 train loss:1.077 acc:69.08 | val loss:1.028 acc:71.55
Epoch:0073 train loss:1.066 acc:69.40 | val loss:0.994 acc:71.67
Epoch:0074 train loss:1.060 acc:69.56 | val loss:1.014 acc:71.59
Epoch:0075 train loss:1.059 acc:69.56 | val loss:1.021 acc:71.64
Epoch:0076 train loss:1.059 acc:69.40 | val loss:0.983 acc:71.78
Epoch:0077 train loss:1.050 acc:69.80 | val loss:1.004 acc:71.47
Epoch:0078 train loss:1.058 acc:69.73 | val loss:1.000 acc:71.80
Epoch:0079 train loss:1.046 acc:69.82 | val loss:0.998 acc:71.49
Epoch:0080 train loss:1.044 acc:69.69 | val loss:1.018 acc:70.90
Epoch:0081 train loss:1.048 acc:69.82 | val loss:0.981 acc:72.09
Epoch:0082 train loss:1.039 acc:70.16 | val loss:0.973 acc:72.12
Epoch:0083 train loss:1.035 acc:70.03 | val loss:1.032 acc:71.77
Epoch:0084 train loss:1.039 acc:70.11 | val loss:0.994 acc:71.80
Epoch:0085 train loss:1.039 acc:69.98 | val loss:0.987 acc:72.06
Epoch:0086 train loss:1.030 acc:70.23 | val loss:1.000 acc:71.91
Epoch:0087 train loss:1.033 acc:70.28 | val loss:0.998 acc:72.07
Epoch:0088 train loss:1.034 acc:70.13 | val loss:0.959 acc:72.51
Epoch:0089 train loss:1.027 acc:70.40 | val loss:1.003 acc:71.60
Epoch:0090 train loss:1.020 acc:70.58 | val loss:0.986 acc:72.18
Epoch:0091 train loss:1.023 acc:70.47 | val loss:1.003 acc:71.90
Epoch:0092 train loss:1.019 acc:70.58 | val loss:0.991 acc:71.75
Epoch:0093 train loss:1.018 acc:70.34 | val loss:1.024 acc:71.61
Epoch:0094 train loss:1.018 acc:70.46 | val loss:1.000 acc:72.00
Epoch:0095 train loss:1.011 acc:70.61 | val loss:0.982 acc:72.39
Epoch:0096 train loss:1.010 acc:70.82 | val loss:0.981 acc:72.27
Epoch:0097 train loss:1.008 acc:70.75 | val loss:0.979 acc:71.98
Epoch:0098 train loss:1.002 acc:71.02 | val loss:1.000 acc:72.19
Epoch:0099 train loss:1.002 acc:70.86 | val loss:0.974 acc:72.41
Epoch:0100 train loss:1.004 acc:71.07 | val loss:0.992 acc:72.30
Epoch:0101 train loss:1.001 acc:70.91 | val loss:1.013 acc:71.31
Epoch:0102 train loss:0.997 acc:70.94 | val loss:0.977 acc:72.28
Epoch:0103 train loss:1.000 acc:70.91 | val loss:1.018 acc:71.86
Epoch:0104 train loss:0.995 acc:71.09 | val loss:0.987 acc:72.02
Epoch:0105 train loss:0.993 acc:71.30 | val loss:0.977 acc:72.39
Epoch:0106 train loss:0.990 acc:71.12 | val loss:0.976 acc:72.19
Epoch:0107 train loss:0.993 acc:71.29 | val loss:0.995 acc:72.10
Epoch:0108 train loss:0.990 acc:71.30 | val loss:0.981 acc:72.05
Epoch:0109 train loss:0.984 acc:71.35 | val loss:0.999 acc:72.13
Epoch:0110 train loss:0.983 acc:71.52 | val loss:0.995 acc:72.02
Epoch:0111 train loss:0.982 acc:71.36 | val loss:0.989 acc:72.53
Epoch:0112 train loss:0.978 acc:71.57 | val loss:0.986 acc:72.24
Epoch:0113 train loss:0.979 acc:71.43 | val loss:0.987 acc:72.28
Epoch:0114 train loss:0.974 acc:71.65 | val loss:0.971 acc:72.47
Epoch:0115 train loss:0.976 acc:71.58 | val loss:0.990 acc:72.39
Epoch:0116 train loss:0.974 acc:71.68 | val loss:0.989 acc:72.56
Epoch:0117 train loss:0.974 acc:71.52 | val loss:0.995 acc:72.07
Epoch:0118 train loss:0.973 acc:71.57 | val loss:0.992 acc:72.18
Epoch:0119 train loss:0.966 acc:71.78 | val loss:0.981 acc:72.81
Epoch:0120 train loss:0.975 acc:71.75 | val loss:0.981 acc:72.30
Epoch:0121 train loss:0.963 acc:71.91 | val loss:0.992 acc:72.11
Epoch:0122 train loss:0.961 acc:71.95 | val loss:0.968 acc:72.81
Epoch:0123 train loss:0.966 acc:71.97 | val loss:0.978 acc:72.49
Epoch:0124 train loss:0.961 acc:72.02 | val loss:0.953 acc:72.77
Epoch:0125 train loss:0.962 acc:71.92 | val loss:0.961 acc:72.67
Epoch:0126 train loss:0.953 acc:72.19 | val loss:0.979 acc:72.42
Epoch:0127 train loss:0.957 acc:72.09 | val loss:0.958 acc:72.74
Epoch:0128 train loss:0.952 acc:72.24 | val loss:0.983 acc:72.90
Epoch:0129 train loss:0.950 acc:72.30 | val loss:0.974 acc:72.65
Epoch:0130 train loss:0.948 acc:72.25 | val loss:0.972 acc:72.58
Epoch:0131 train loss:0.951 acc:72.22 | val loss:0.988 acc:72.46
Epoch:0132 train loss:0.954 acc:72.08 | val loss:0.958 acc:72.71
Epoch:0133 train loss:0.946 acc:72.22 | val loss:0.990 acc:72.49
Epoch:0134 train loss:0.944 acc:72.32 | val loss:0.975 acc:73.06
Epoch:0135 train loss:0.945 acc:72.31 | val loss:0.992 acc:72.72
Epoch:0136 train loss:0.945 acc:72.35 | val loss:0.974 acc:72.65
Epoch:0137 train loss:0.941 acc:72.48 | val loss:0.980 acc:72.63
Epoch:0138 train loss:0.941 acc:72.60 | val loss:0.985 acc:72.57
Epoch:0139 train loss:0.936 acc:72.56 | val loss:1.003 acc:72.28
Epoch:0140 train loss:0.936 acc:72.69 | val loss:0.970 acc:72.60
Epoch:0141 train loss:0.939 acc:72.46 | val loss:0.982 acc:72.49
Epoch:0142 train loss:0.937 acc:72.47 | val loss:0.985 acc:72.31
Epoch:0143 train loss:0.936 acc:72.45 | val loss:0.950 acc:72.85
Epoch:0144 train loss:0.932 acc:72.92 | val loss:0.981 acc:72.69
Epoch:0145 train loss:0.927 acc:72.76 | val loss:0.955 acc:72.96
Epoch:0146 train loss:0.931 acc:72.73 | val loss:0.967 acc:72.96
Epoch:0147 train loss:0.928 acc:72.75 | val loss:0.981 acc:72.32
Epoch:0148 train loss:0.924 acc:72.99 | val loss:0.968 acc:72.27
Epoch:0149 train loss:0.930 acc:72.77 | val loss:0.951 acc:72.93
Epoch:0150 train loss:0.919 acc:72.93 | val loss:1.004 acc:72.18
Epoch:0151 train loss:0.924 acc:72.94 | val loss:0.969 acc:72.42
Epoch:0152 train loss:0.924 acc:72.86 | val loss:0.963 acc:72.72
Epoch:0153 train loss:0.918 acc:72.99 | val loss:0.972 acc:72.64
Epoch:0154 train loss:0.912 acc:73.31 | val loss:0.994 acc:72.48
Epoch:0155 train loss:0.918 acc:72.95 | val loss:0.999 acc:72.01
Epoch:0156 train loss:0.917 acc:73.10 | val loss:0.949 acc:73.02
Epoch:0157 train loss:0.915 acc:73.09 | val loss:0.960 acc:72.65
Epoch:0158 train loss:0.911 acc:73.25 | val loss:1.010 acc:72.31
Epoch:0159 train loss:0.907 acc:73.44 | val loss:0.977 acc:72.61
Epoch:0160 train loss:0.906 acc:73.36 | val loss:0.966 acc:73.10
Epoch:0161 train loss:0.909 acc:73.40 | val loss:0.972 acc:72.95
Epoch:0162 train loss:0.907 acc:73.27 | val loss:0.981 acc:72.90
Epoch:0163 train loss:0.908 acc:73.46 | val loss:0.961 acc:72.90
Epoch:0164 train loss:0.899 acc:73.57 | val loss:0.979 acc:72.82
Epoch:0165 train loss:0.904 acc:73.49 | val loss:0.992 acc:72.29
Epoch:0166 train loss:0.902 acc:73.35 | val loss:0.945 acc:73.07
Epoch:0167 train loss:0.900 acc:73.65 | val loss:0.976 acc:72.67
Epoch:0168 train loss:0.900 acc:73.42 | val loss:0.991 acc:72.38
Epoch:0169 train loss:0.902 acc:73.51 | val loss:0.967 acc:73.12
Epoch:0170 train loss:0.899 acc:73.32 | val loss:0.982 acc:72.55
Epoch:0171 train loss:0.895 acc:73.67 | val loss:0.971 acc:72.83
Epoch:0172 train loss:0.895 acc:73.74 | val loss:0.974 acc:72.43
Epoch:0173 train loss:0.892 acc:73.59 | val loss:0.961 acc:72.88
Epoch:0174 train loss:0.893 acc:73.67 | val loss:0.986 acc:72.85
Epoch:0175 train loss:0.889 acc:73.77 | val loss:0.969 acc:72.80
Epoch:0176 train loss:0.890 acc:73.81 | val loss:0.982 acc:72.40
Epoch:0177 train loss:0.887 acc:73.73 | val loss:0.975 acc:72.41
Epoch:0178 train loss:0.888 acc:73.76 | val loss:0.956 acc:72.87
Epoch:0179 train loss:0.890 acc:73.95 | val loss:0.965 acc:72.57
Epoch:0180 train loss:0.886 acc:73.88 | val loss:0.974 acc:73.04
Epoch:0181 train loss:0.887 acc:73.91 | val loss:0.951 acc:72.70
Epoch:0182 train loss:0.885 acc:73.82 | val loss:1.001 acc:72.21
Epoch:0183 train loss:0.892 acc:73.65 | val loss:0.961 acc:73.02
Epoch:0184 train loss:0.881 acc:74.02 | val loss:0.973 acc:72.62
Epoch:0185 train loss:0.880 acc:74.04 | val loss:0.975 acc:72.26
Epoch:0186 train loss:0.880 acc:73.87 | val loss:0.971 acc:72.90
Epoch:0187 train loss:0.877 acc:74.18 | val loss:0.959 acc:72.77
Epoch:0188 train loss:0.875 acc:74.11 | val loss:0.974 acc:72.69
Epoch:0189 train loss:0.876 acc:74.21 | val loss:0.958 acc:72.72
Epoch:0190 train loss:0.877 acc:74.18 | val loss:0.976 acc:72.41
Epoch:0191 train loss:0.870 acc:74.10 | val loss:0.975 acc:72.93
Epoch:0192 train loss:0.871 acc:74.16 | val loss:0.946 acc:72.76
Epoch:0193 train loss:0.873 acc:74.34 | val loss:0.975 acc:72.43
Epoch:0194 train loss:0.870 acc:74.13 | val loss:0.966 acc:72.73
Epoch:0195 train loss:0.872 acc:74.28 | val loss:0.973 acc:72.99
Epoch:0196 train loss:0.872 acc:74.31 | val loss:0.965 acc:72.56
Epoch:0197 train loss:0.871 acc:74.14 | val loss:0.963 acc:72.70
Epoch:0198 train loss:0.866 acc:74.26 | val loss:0.961 acc:73.06
Epoch:0199 train loss:0.864 acc:74.35 | val loss:0.968 acc:72.88
Epoch:0200 train loss:0.866 acc:74.44 | val loss:0.968 acc:72.85
Epoch:0201 train loss:0.864 acc:74.35 | val loss:0.970 acc:73.09
Epoch:0202 train loss:0.865 acc:74.18 | val loss:0.982 acc:72.74
Epoch:0203 train loss:0.863 acc:74.49 | val loss:0.990 acc:72.59
Epoch:0204 train loss:0.861 acc:74.42 | val loss:0.967 acc:73.07
Epoch:0205 train loss:0.857 acc:74.49 | val loss:0.979 acc:72.43
Epoch:0206 train loss:0.856 acc:74.57 | val loss:0.972 acc:72.86
Epoch:0207 train loss:0.858 acc:74.46 | val loss:0.997 acc:72.48
Epoch:0208 train loss:0.858 acc:74.55 | val loss:0.990 acc:72.76
Epoch:0209 train loss:0.858 acc:74.42 | val loss:0.970 acc:72.91
Epoch:0210 train loss:0.857 acc:74.46 | val loss:0.992 acc:72.36
Epoch:0211 train loss:0.855 acc:74.43 | val loss:0.978 acc:72.73
Epoch:0212 train loss:0.852 acc:74.77 | val loss:0.982 acc:73.27
Epoch:0213 train loss:0.851 acc:74.86 | val loss:0.979 acc:72.51
Epoch:0214 train loss:0.851 acc:74.73 | val loss:0.992 acc:72.54
Epoch:0215 train loss:0.846 acc:74.79 | val loss:0.990 acc:73.09
Epoch:0216 train loss:0.847 acc:74.69 | val loss:0.966 acc:73.03
Epoch:0217 train loss:0.850 acc:74.84 | val loss:0.966 acc:72.72
Epoch:0218 train loss:0.848 acc:74.92 | val loss:0.966 acc:72.98
Epoch:0219 train loss:0.846 acc:74.77 | val loss:0.966 acc:73.05
Epoch:0220 train loss:0.842 acc:74.78 | val loss:0.978 acc:72.89
Epoch:0221 train loss:0.840 acc:75.00 | val loss:0.971 acc:73.06
Epoch:0222 train loss:0.839 acc:75.22 | val loss:0.976 acc:72.73
Epoch:0223 train loss:0.839 acc:75.04 | val loss:0.957 acc:73.03
Epoch:0224 train loss:0.835 acc:75.10 | val loss:0.957 acc:72.87
Epoch:0225 train loss:0.839 acc:75.12 | val loss:0.977 acc:72.77
Epoch:0226 train loss:0.837 acc:74.88 | val loss:0.960 acc:72.79
Epoch:0227 train loss:0.836 acc:75.28 | val loss:0.962 acc:72.98
Epoch:0228 train loss:0.832 acc:75.02 | val loss:0.983 acc:72.71
Epoch:0229 train loss:0.838 acc:74.80 | val loss:0.954 acc:73.12
Epoch:0230 train loss:0.833 acc:75.02 | val loss:0.980 acc:72.73
Epoch:0231 train loss:0.834 acc:75.03 | val loss:0.981 acc:72.79
Epoch:0232 train loss:0.833 acc:74.88 | val loss:0.954 acc:72.97
Epoch:0233 train loss:0.831 acc:75.26 | val loss:0.980 acc:72.68
Epoch:0234 train loss:0.831 acc:75.26 | val loss:0.971 acc:73.01
Epoch:0235 train loss:0.832 acc:75.20 | val loss:0.976 acc:72.87
Epoch:0236 train loss:0.831 acc:75.18 | val loss:0.945 acc:73.17
Epoch:0237 train loss:0.829 acc:75.22 | val loss:0.978 acc:72.27
Epoch:0238 train loss:0.826 acc:75.27 | val loss:0.961 acc:73.43
Epoch:0239 train loss:0.823 acc:75.34 | val loss:0.974 acc:72.92
Epoch:0240 train loss:0.832 acc:75.21 | val loss:0.986 acc:72.69
Epoch:0241 train loss:0.824 acc:75.41 | val loss:0.972 acc:72.98
Epoch:0242 train loss:0.821 acc:75.31 | val loss:0.969 acc:73.25
Epoch:0243 train loss:0.822 acc:75.44 | val loss:0.968 acc:72.95
Epoch:0244 train loss:0.822 acc:75.39 | val loss:0.976 acc:72.92
Epoch:0245 train loss:0.824 acc:75.43 | val loss:0.990 acc:72.65
Epoch:0246 train loss:0.820 acc:75.60 | val loss:0.964 acc:72.94
Epoch:0247 train loss:0.823 acc:75.31 | val loss:0.971 acc:72.56
Epoch:0248 train loss:0.818 acc:75.44 | val loss:0.981 acc:72.99
Epoch:0249 train loss:0.818 acc:75.49 | val loss:0.975 acc:73.01
Epoch:0250 train loss:0.822 acc:75.56 | val loss:0.968 acc:72.88
Epoch:0251 train loss:0.819 acc:75.52 | val loss:0.961 acc:73.16
Epoch:0252 train loss:0.814 acc:75.66 | val loss:0.968 acc:72.81
Epoch:0253 train loss:0.812 acc:75.75 | val loss:0.996 acc:73.01
Epoch:0254 train loss:0.816 acc:75.52 | val loss:0.977 acc:73.02
Epoch:0255 train loss:0.817 acc:75.77 | val loss:0.953 acc:73.36
Epoch:0256 train loss:0.814 acc:75.62 | val loss:0.967 acc:72.85
Epoch:0257 train loss:0.814 acc:75.79 | val loss:0.959 acc:73.07
Epoch:0258 train loss:0.813 acc:75.68 | val loss:0.977 acc:72.86
Epoch:0259 train loss:0.808 acc:75.65 | val loss:0.984 acc:73.09
Epoch:0260 train loss:0.807 acc:75.81 | val loss:0.986 acc:73.04
Epoch:0261 train loss:0.808 acc:75.73 | val loss:0.966 acc:73.15
Epoch:0262 train loss:0.810 acc:75.80 | val loss:0.982 acc:72.39
Epoch:0263 train loss:0.804 acc:75.90 | val loss:0.973 acc:72.98
Epoch:0264 train loss:0.805 acc:75.97 | val loss:0.968 acc:73.03
Epoch:0265 train loss:0.805 acc:75.83 | val loss:0.956 acc:73.20
Epoch:0266 train loss:0.805 acc:75.81 | val loss:0.964 acc:72.85
Epoch:0267 train loss:0.804 acc:75.90 | val loss:0.972 acc:72.85
Epoch:0268 train loss:0.803 acc:75.93 | val loss:0.963 acc:72.96
Epoch:0269 train loss:0.799 acc:76.06 | val loss:0.958 acc:72.91
Epoch:0270 train loss:0.802 acc:75.97 | val loss:0.959 acc:72.93
Epoch:0271 train loss:0.800 acc:76.07 | val loss:0.969 acc:72.53
Epoch:0272 train loss:0.798 acc:76.11 | val loss:0.989 acc:72.44
Epoch:0273 train loss:0.800 acc:76.01 | val loss:0.958 acc:73.10
Epoch:0274 train loss:0.796 acc:75.95 | val loss:0.977 acc:73.10
Epoch:0275 train loss:0.794 acc:76.26 | val loss:0.990 acc:72.61
Epoch:0276 train loss:0.797 acc:75.99 | val loss:0.983 acc:73.20
Epoch:0277 train loss:0.791 acc:76.12 | val loss:1.005 acc:72.46
Epoch:0278 train loss:0.793 acc:76.15 | val loss:0.973 acc:73.35
Epoch:0279 train loss:0.794 acc:76.04 | val loss:0.974 acc:73.28
Epoch:0280 train loss:0.787 acc:76.54 | val loss:0.970 acc:73.14
Epoch:0281 train loss:0.795 acc:76.10 | val loss:0.976 acc:73.13
Epoch:0282 train loss:0.792 acc:76.17 | val loss:0.985 acc:73.16
Epoch:0283 train loss:0.795 acc:75.99 | val loss:0.974 acc:72.77
Epoch:0284 train loss:0.793 acc:76.22 | val loss:0.987 acc:72.66
Epoch:0285 train loss:0.789 acc:76.30 | val loss:0.975 acc:73.13
Epoch:0286 train loss:0.783 acc:76.55 | val loss:0.984 acc:72.93
Epoch:0287 train loss:0.787 acc:76.33 | val loss:0.968 acc:72.97
Epoch:0288 train loss:0.788 acc:76.32 | val loss:0.979 acc:72.91
Epoch:0289 train loss:0.787 acc:76.27 | val loss:0.985 acc:72.93
Epoch:0290 train loss:0.786 acc:76.20 | val loss:0.986 acc:72.93
Epoch:0291 train loss:0.781 acc:76.54 | val loss:0.974 acc:73.06
Epoch:0292 train loss:0.783 acc:76.45 | val loss:0.964 acc:72.83
Epoch:0293 train loss:0.781 acc:76.46 | val loss:0.965 acc:73.17
Epoch:0294 train loss:0.778 acc:76.60 | val loss:0.977 acc:72.88
Epoch:0295 train loss:0.777 acc:76.51 | val loss:0.981 acc:73.09
Epoch:0296 train loss:0.775 acc:76.49 | val loss:0.993 acc:72.70
Epoch:0297 train loss:0.778 acc:76.45 | val loss:0.999 acc:73.09
Epoch:0298 train loss:0.778 acc:76.72 | val loss:1.000 acc:72.74
Epoch:0299 train loss:0.778 acc:76.44 | val loss:0.980 acc:73.16
Epoch:0300 train loss:0.774 acc:76.55 | val loss:0.977 acc:72.85
Epoch:0301 train loss:0.774 acc:76.65 | val loss:0.979 acc:72.91
Epoch:0302 train loss:0.771 acc:76.75 | val loss:0.989 acc:73.16
Epoch:0303 train loss:0.772 acc:76.84 | val loss:0.993 acc:73.09
Epoch:0304 train loss:0.771 acc:76.65 | val loss:0.995 acc:72.90
Epoch:0305 train loss:0.773 acc:76.57 | val loss:0.984 acc:73.35
Epoch:0306 train loss:0.772 acc:76.67 | val loss:0.972 acc:72.98
Epoch:0307 train loss:0.773 acc:76.62 | val loss:0.998 acc:72.82
Epoch:0308 train loss:0.772 acc:76.69 | val loss:0.975 acc:72.89
Epoch:0309 train loss:0.773 acc:76.70 | val loss:0.977 acc:73.25
Epoch:0310 train loss:0.768 acc:76.57 | val loss:0.970 acc:72.72
Epoch:0311 train loss:0.765 acc:76.80 | val loss:0.975 acc:73.39
Epoch:0312 train loss:0.770 acc:76.77 | val loss:0.984 acc:72.84
Epoch:0313 train loss:0.765 acc:76.87 | val loss:0.984 acc:73.21
Epoch:0314 train loss:0.763 acc:76.84 | val loss:0.959 acc:73.15
Epoch:0315 train loss:0.767 acc:76.81 | val loss:0.987 acc:72.82
Epoch:0316 train loss:0.766 acc:76.93 | val loss:0.981 acc:73.12
Epoch:0317 train loss:0.769 acc:76.81 | val loss:0.986 acc:72.79
Epoch:0318 train loss:0.760 acc:77.01 | val loss:0.983 acc:72.80
Epoch:0319 train loss:0.763 acc:76.93 | val loss:1.017 acc:72.83
Epoch:0320 train loss:0.763 acc:76.84 | val loss:0.988 acc:72.98
Epoch:0321 train loss:0.761 acc:76.92 | val loss:0.968 acc:73.53
Epoch:0322 train loss:0.761 acc:76.95 | val loss:1.003 acc:72.77
Epoch:0323 train loss:0.761 acc:76.97 | val loss:1.015 acc:72.87
Epoch:0324 train loss:0.759 acc:76.96 | val loss:1.000 acc:73.01
Epoch:0325 train loss:0.761 acc:77.02 | val loss:0.982 acc:73.20
Epoch:0326 train loss:0.756 acc:77.03 | val loss:0.996 acc:73.22
Epoch:0327 train loss:0.757 acc:76.98 | val loss:0.970 acc:73.22
Epoch:0328 train loss:0.754 acc:77.16 | val loss:0.982 acc:73.37
Epoch:0329 train loss:0.755 acc:77.12 | val loss:0.965 acc:73.50
Epoch:0330 train loss:0.755 acc:77.16 | val loss:0.979 acc:73.13
Epoch:0331 train loss:0.753 acc:77.19 | val loss:0.971 acc:73.08
Epoch:0332 train loss:0.751 acc:77.26 | val loss:0.994 acc:72.99
Epoch:0333 train loss:0.752 acc:77.12 | val loss:0.984 acc:73.25
Epoch:0334 train loss:0.750 acc:77.19 | val loss:0.957 acc:73.56
Epoch:0335 train loss:0.748 acc:77.50 | val loss:0.991 acc:73.31
Epoch:0336 train loss:0.745 acc:77.36 | val loss:0.981 acc:73.26
Epoch:0337 train loss:0.748 acc:77.43 | val loss:0.982 acc:73.14
Epoch:0338 train loss:0.750 acc:77.14 | val loss:0.998 acc:73.00
Epoch:0339 train loss:0.749 acc:77.26 | val loss:0.988 acc:73.04
Epoch:0340 train loss:0.748 acc:77.24 | val loss:0.981 acc:73.12
Epoch:0341 train loss:0.743 acc:77.26 | val loss:0.979 acc:73.01
Epoch:0342 train loss:0.745 acc:77.40 | val loss:1.005 acc:73.25
Epoch:0343 train loss:0.744 acc:77.35 | val loss:0.987 acc:73.24
Epoch:0344 train loss:0.743 acc:77.46 | val loss:1.001 acc:72.68
Epoch:0345 train loss:0.744 acc:77.42 | val loss:0.982 acc:73.05
Epoch:0346 train loss:0.744 acc:77.50 | val loss:0.975 acc:73.07
Epoch:0347 train loss:0.744 acc:77.47 | val loss:1.006 acc:72.52
Epoch:0348 train loss:0.740 acc:77.45 | val loss:0.984 acc:73.13
Epoch:0349 train loss:0.741 acc:77.34 | val loss:0.987 acc:73.28
Epoch:0350 train loss:0.736 acc:77.68 | val loss:0.999 acc:72.83
Epoch:0351 train loss:0.736 acc:77.64 | val loss:1.000 acc:73.40
Epoch:0352 train loss:0.743 acc:77.36 | val loss:0.998 acc:73.42
Epoch:0353 train loss:0.742 acc:77.49 | val loss:0.989 acc:73.16
Epoch:0354 train loss:0.738 acc:77.51 | val loss:0.977 acc:73.32
Epoch:0355 train loss:0.734 acc:77.60 | val loss:0.979 acc:73.21
Epoch:0356 train loss:0.740 acc:77.51 | val loss:0.983 acc:73.05
Epoch:0357 train loss:0.733 acc:77.71 | val loss:0.992 acc:72.99
Epoch:0358 train loss:0.731 acc:77.68 | val loss:0.972 acc:73.11
Epoch:0359 train loss:0.736 acc:77.54 | val loss:0.977 acc:73.38
Epoch:0360 train loss:0.735 acc:77.56 | val loss:0.972 acc:73.13
Epoch:0361 train loss:0.734 acc:77.69 | val loss:0.992 acc:72.98
Epoch:0362 train loss:0.732 acc:77.80 | val loss:0.998 acc:73.14
Epoch:0363 train loss:0.735 acc:77.49 | val loss:1.001 acc:73.35
Epoch:0364 train loss:0.731 acc:77.58 | val loss:0.994 acc:73.18
Epoch:0365 train loss:0.728 acc:77.71 | val loss:0.999 acc:73.32
Epoch:0366 train loss:0.727 acc:77.85 | val loss:0.993 acc:72.83
Epoch:0367 train loss:0.731 acc:77.90 | val loss:0.988 acc:72.92
Epoch:0368 train loss:0.732 acc:77.68 | val loss:1.017 acc:73.13
Epoch:0369 train loss:0.729 acc:77.88 | val loss:0.996 acc:73.37
Epoch:0370 train loss:0.724 acc:77.77 | val loss:0.994 acc:73.35
Epoch:0371 train loss:0.721 acc:77.96 | val loss:1.000 acc:73.58
Epoch:0372 train loss:0.723 acc:77.90 | val loss:0.993 acc:73.20
Epoch:0373 train loss:0.722 acc:77.70 | val loss:1.015 acc:73.28
Epoch:0374 train loss:0.724 acc:77.94 | val loss:1.022 acc:72.61
Epoch:0375 train loss:0.723 acc:77.87 | val loss:0.995 acc:73.48
Epoch:0376 train loss:0.721 acc:77.94 | val loss:0.989 acc:73.14
Epoch:0377 train loss:0.724 acc:78.07 | val loss:0.987 acc:72.94
Epoch:0378 train loss:0.721 acc:77.92 | val loss:0.986 acc:73.29
Epoch:0379 train loss:0.720 acc:77.92 | val loss:1.010 acc:73.39
Epoch:0380 train loss:0.722 acc:77.94 | val loss:0.996 acc:73.34
Epoch:0381 train loss:0.718 acc:78.14 | val loss:1.004 acc:73.29
Epoch:0382 train loss:0.722 acc:77.83 | val loss:1.013 acc:73.49
Epoch:0383 train loss:0.721 acc:77.88 | val loss:1.010 acc:73.30
Epoch:0384 train loss:0.721 acc:77.82 | val loss:1.003 acc:73.32
Epoch:0385 train loss:0.712 acc:78.07 | val loss:1.006 acc:73.49
Epoch:0386 train loss:0.718 acc:78.09 | val loss:1.003 acc:72.84
Epoch:0387 train loss:0.719 acc:78.10 | val loss:0.998 acc:72.96
Epoch:0388 train loss:0.715 acc:78.13 | val loss:0.992 acc:73.13
Epoch:0389 train loss:0.718 acc:77.96 | val loss:1.005 acc:72.49
Epoch:0390 train loss:0.715 acc:78.06 | val loss:1.002 acc:73.48
Epoch:0391 train loss:0.711 acc:78.12 | val loss:0.992 acc:73.15
Epoch:0392 train loss:0.711 acc:78.10 | val loss:1.016 acc:73.41
Epoch:0393 train loss:0.711 acc:78.08 | val loss:0.993 acc:73.23
Epoch:0394 train loss:0.712 acc:78.24 | val loss:1.007 acc:73.10
Epoch:0395 train loss:0.711 acc:78.37 | val loss:1.000 acc:73.26
Epoch:0396 train loss:0.707 acc:78.16 | val loss:0.998 acc:73.36
Epoch:0397 train loss:0.708 acc:78.20 | val loss:1.007 acc:73.28
Epoch:0398 train loss:0.708 acc:78.08 | val loss:1.006 acc:72.90
Epoch:0399 train loss:0.707 acc:78.20 | val loss:1.006 acc:73.05
Epoch:0400 train loss:0.709 acc:78.33 | val loss:1.010 acc:72.82
Epoch:0401 train loss:0.706 acc:78.31 | val loss:1.012 acc:72.58
Epoch:0402 train loss:0.703 acc:78.40 | val loss:1.011 acc:73.00
Epoch:0403 train loss:0.706 acc:78.34 | val loss:1.006 acc:73.45
Epoch:0404 train loss:0.711 acc:78.09 | val loss:1.011 acc:73.12
Epoch:0405 train loss:0.709 acc:78.24 | val loss:1.011 acc:73.07
Epoch:0406 train loss:0.709 acc:78.14 | val loss:1.007 acc:73.05
Epoch:0407 train loss:0.700 acc:78.62 | val loss:0.986 acc:73.30
Epoch:0408 train loss:0.699 acc:78.26 | val loss:1.010 acc:72.97
Epoch:0409 train loss:0.702 acc:78.54 | val loss:1.016 acc:73.38
Epoch:0410 train loss:0.704 acc:78.25 | val loss:1.016 acc:73.82
Epoch:0411 train loss:0.703 acc:78.42 | val loss:1.018 acc:73.37
Epoch:0412 train loss:0.699 acc:78.31 | val loss:1.026 acc:72.98
Epoch:0413 train loss:0.701 acc:78.49 | val loss:1.029 acc:72.96
Epoch:0414 train loss:0.699 acc:78.37 | val loss:1.016 acc:73.25
Epoch:0415 train loss:0.699 acc:78.40 | val loss:1.022 acc:73.20
Epoch:0416 train loss:0.700 acc:78.57 | val loss:1.009 acc:73.61
Epoch:0417 train loss:0.696 acc:78.46 | val loss:1.001 acc:73.15
Epoch:0418 train loss:0.696 acc:78.38 | val loss:1.018 acc:72.98
Epoch:0419 train loss:0.697 acc:78.52 | val loss:1.028 acc:73.06
Epoch:0420 train loss:0.694 acc:78.65 | val loss:1.032 acc:73.50
Epoch:0421 train loss:0.694 acc:78.50 | val loss:1.017 acc:73.22
Epoch:0422 train loss:0.695 acc:78.47 | val loss:1.017 acc:73.00
Epoch:0423 train loss:0.694 acc:78.63 | val loss:1.014 acc:73.34
Epoch:0424 train loss:0.697 acc:78.39 | val loss:1.001 acc:73.41
Epoch:0425 train loss:0.695 acc:78.40 | val loss:1.003 acc:73.03
Epoch:0426 train loss:0.695 acc:78.53 | val loss:1.006 acc:73.22
Epoch:0427 train loss:0.690 acc:78.60 | val loss:1.031 acc:72.84
Epoch:0428 train loss:0.692 acc:78.57 | val loss:1.016 acc:72.73
Epoch:0429 train loss:0.691 acc:78.60 | val loss:1.018 acc:72.98
Epoch:0430 train loss:0.686 acc:78.78 | val loss:1.001 acc:73.22
Epoch:0431 train loss:0.692 acc:78.63 | val loss:1.000 acc:73.09
Epoch:0432 train loss:0.686 acc:78.79 | val loss:1.001 acc:73.00
Epoch:0433 train loss:0.689 acc:78.70 | val loss:1.007 acc:73.12
Epoch:0434 train loss:0.692 acc:78.60 | val loss:0.993 acc:73.21
Epoch:0435 train loss:0.687 acc:78.67 | val loss:0.999 acc:73.28
Epoch:0436 train loss:0.687 acc:78.66 | val loss:1.028 acc:73.13
Epoch:0437 train loss:0.684 acc:78.83 | val loss:1.037 acc:73.18
Epoch:0438 train loss:0.682 acc:78.86 | val loss:1.014 acc:73.26
Epoch:0439 train loss:0.681 acc:78.93 | val loss:1.039 acc:73.15
Epoch:0440 train loss:0.687 acc:78.66 | val loss:1.019 acc:72.82
Epoch:0441 train loss:0.684 acc:78.86 | val loss:1.015 acc:73.34
Epoch:0442 train loss:0.683 acc:78.74 | val loss:1.005 acc:73.10
Epoch:0443 train loss:0.683 acc:78.90 | val loss:1.009 acc:72.77
Epoch:0444 train loss:0.685 acc:78.83 | val loss:1.010 acc:73.24
Epoch:0445 train loss:0.680 acc:78.86 | val loss:1.020 acc:72.58
Epoch:0446 train loss:0.683 acc:78.87 | val loss:1.016 acc:72.52
Epoch:0447 train loss:0.682 acc:78.74 | val loss:1.025 acc:72.87
Epoch:0448 train loss:0.677 acc:78.86 | val loss:1.028 acc:73.05
Epoch:0449 train loss:0.683 acc:78.94 | val loss:1.017 acc:72.95
Epoch:0450 train loss:0.678 acc:78.91 | val loss:1.009 acc:73.18
Epoch:0451 train loss:0.676 acc:78.95 | val loss:1.028 acc:73.05
Epoch:0452 train loss:0.678 acc:78.89 | val loss:1.056 acc:72.98
Epoch:0453 train loss:0.676 acc:78.78 | val loss:1.008 acc:73.25
Epoch:0454 train loss:0.677 acc:78.85 | val loss:1.022 acc:73.22
Epoch:0455 train loss:0.674 acc:78.99 | val loss:1.013 acc:73.34
Epoch:0456 train loss:0.677 acc:78.94 | val loss:1.026 acc:72.74
Epoch:0457 train loss:0.676 acc:79.06 | val loss:1.006 acc:73.03
Epoch:0458 train loss:0.673 acc:79.10 | val loss:1.021 acc:72.93
Epoch:0459 train loss:0.676 acc:79.00 | val loss:1.024 acc:73.06
Epoch:0460 train loss:0.672 acc:79.04 | val loss:1.005 acc:73.18
Epoch:0461 train loss:0.670 acc:79.05 | val loss:1.018 acc:73.08
Epoch:0462 train loss:0.673 acc:79.24 | val loss:1.020 acc:72.58
Epoch:0463 train loss:0.673 acc:79.05 | val loss:1.025 acc:72.63
Epoch:0464 train loss:0.669 acc:79.09 | val loss:1.034 acc:73.34
Epoch:0465 train loss:0.670 acc:79.12 | val loss:1.029 acc:72.86
Epoch:0466 train loss:0.668 acc:79.17 | val loss:1.031 acc:72.88
Epoch:0467 train loss:0.668 acc:79.25 | val loss:1.051 acc:72.56
Epoch:0468 train loss:0.667 acc:79.10 | val loss:1.018 acc:73.02
Epoch:0469 train loss:0.663 acc:79.32 | val loss:1.028 acc:72.78
Epoch:0470 train loss:0.668 acc:79.01 | val loss:1.024 acc:72.74
Epoch:0471 train loss:0.666 acc:79.13 | val loss:1.026 acc:73.06
Epoch:0472 train loss:0.671 acc:79.15 | val loss:1.014 acc:73.13
Epoch:0473 train loss:0.664 acc:79.22 | val loss:1.030 acc:73.36
Epoch:0474 train loss:0.664 acc:79.20 | val loss:1.046 acc:73.31
Epoch:0475 train loss:0.663 acc:79.26 | val loss:1.068 acc:72.69
Epoch:0476 train loss:0.663 acc:79.32 | val loss:1.050 acc:72.81
Epoch:0477 train loss:0.666 acc:79.21 | val loss:1.048 acc:73.05
Epoch:0478 train loss:0.662 acc:79.33 | val loss:1.012 acc:73.06
Epoch:0479 train loss:0.666 acc:79.31 | val loss:1.016 acc:73.03
Epoch:0480 train loss:0.662 acc:79.24 | val loss:1.028 acc:72.99
Epoch:0481 train loss:0.661 acc:79.22 | val loss:1.051 acc:73.24
Epoch:0482 train loss:0.655 acc:79.53 | val loss:1.053 acc:73.03
Epoch:0483 train loss:0.661 acc:79.25 | val loss:1.078 acc:73.16
Epoch:0484 train loss:0.662 acc:79.34 | val loss:1.039 acc:73.04
Epoch:0485 train loss:0.659 acc:79.47 | val loss:1.027 acc:73.37
Epoch:0486 train loss:0.657 acc:79.46 | val loss:1.038 acc:73.41
Epoch:0487 train loss:0.661 acc:79.31 | val loss:1.030 acc:72.84
Epoch:0488 train loss:0.656 acc:79.25 | val loss:1.059 acc:72.99
Epoch:0489 train loss:0.656 acc:79.31 | val loss:1.054 acc:72.96
Epoch:0490 train loss:0.656 acc:79.40 | val loss:1.035 acc:72.98
Epoch:0491 train loss:0.649 acc:79.67 | val loss:1.051 acc:72.95
Epoch:0492 train loss:0.657 acc:79.31 | val loss:1.051 acc:73.13
Epoch:0493 train loss:0.656 acc:79.40 | val loss:1.048 acc:72.90
Epoch:0494 train loss:0.653 acc:79.58 | val loss:1.052 acc:72.83
Epoch:0495 train loss:0.651 acc:79.64 | val loss:1.074 acc:73.13
Epoch:0496 train loss:0.659 acc:79.30 | val loss:1.046 acc:72.56
Epoch:0497 train loss:0.656 acc:79.46 | val loss:1.022 acc:72.95
Epoch:0498 train loss:0.654 acc:79.47 | val loss:1.040 acc:72.78
Epoch:0499 train loss:0.655 acc:79.49 | val loss:1.049 acc:72.44
Epoch:0500 train loss:0.652 acc:79.46 | val loss:1.030 acc:72.96
Epoch:0501 train loss:0.647 acc:79.63 | val loss:1.052 acc:73.22
Epoch:0502 train loss:0.653 acc:79.47 | val loss:1.035 acc:72.94
Epoch:0503 train loss:0.650 acc:79.51 | val loss:1.049 acc:72.80
Epoch:0504 train loss:0.646 acc:79.86 | val loss:1.038 acc:72.43
Epoch:0505 train loss:0.652 acc:79.54 | val loss:1.042 acc:72.60
Epoch:0506 train loss:0.650 acc:79.58 | val loss:1.048 acc:72.55
Epoch:0507 train loss:0.645 acc:79.51 | val loss:1.052 acc:73.28
Epoch:0508 train loss:0.654 acc:79.49 | val loss:1.038 acc:73.22
Epoch:0509 train loss:0.651 acc:79.60 | val loss:1.031 acc:73.16
Epoch:0510 train loss:0.651 acc:79.58 | val loss:1.031 acc:72.88
Epoch:0511 train loss:0.645 acc:79.78 | val loss:1.025 acc:73.11
Epoch:0512 train loss:0.644 acc:79.63 | val loss:1.047 acc:72.64
Epoch:0513 train loss:0.644 acc:79.63 | val loss:1.057 acc:72.47
Epoch:0514 train loss:0.642 acc:79.85 | val loss:1.064 acc:73.37
Epoch:0515 train loss:0.642 acc:79.86 | val loss:1.054 acc:73.20
Epoch:0516 train loss:0.643 acc:79.81 | val loss:1.043 acc:72.95
Epoch:0517 train loss:0.643 acc:79.69 | val loss:1.029 acc:73.21
Epoch:0518 train loss:0.641 acc:79.74 | val loss:1.037 acc:73.06
Epoch:0519 train loss:0.640 acc:79.74 | val loss:1.054 acc:73.17
Epoch:0520 train loss:0.642 acc:79.89 | val loss:1.054 acc:72.88
Epoch:0521 train loss:0.642 acc:79.80 | val loss:1.040 acc:72.81
Epoch:0522 train loss:0.638 acc:79.86 | val loss:1.058 acc:73.32
Epoch:0523 train loss:0.642 acc:79.83 | val loss:1.055 acc:72.88
Epoch:0524 train loss:0.640 acc:79.83 | val loss:1.030 acc:73.18
Epoch:0525 train loss:0.638 acc:79.87 | val loss:1.045 acc:73.15
Epoch:0526 train loss:0.641 acc:79.75 | val loss:1.053 acc:72.55
Epoch:0527 train loss:0.637 acc:79.79 | val loss:1.056 acc:72.61
Epoch:0528 train loss:0.637 acc:79.89 | val loss:1.054 acc:73.16
Epoch:0529 train loss:0.638 acc:79.94 | val loss:1.057 acc:72.88
Epoch:0530 train loss:0.637 acc:79.85 | val loss:1.078 acc:72.89
Epoch:0531 train loss:0.639 acc:79.75 | val loss:1.062 acc:73.13
Epoch:0532 train loss:0.635 acc:79.88 | val loss:1.053 acc:73.13
Epoch:0533 train loss:0.639 acc:79.98 | val loss:1.056 acc:72.56
Epoch:0534 train loss:0.631 acc:80.12 | val loss:1.051 acc:72.86
Epoch:0535 train loss:0.633 acc:80.09 | val loss:1.034 acc:72.94
Epoch:0536 train loss:0.631 acc:80.09 | val loss:1.046 acc:73.20
Epoch:0537 train loss:0.633 acc:80.05 | val loss:1.040 acc:73.17
Epoch:0538 train loss:0.629 acc:80.13 | val loss:1.087 acc:72.71
Epoch:0539 train loss:0.634 acc:79.98 | val loss:1.068 acc:72.94
Epoch:0540 train loss:0.632 acc:79.88 | val loss:1.041 acc:72.86
Epoch:0541 train loss:0.633 acc:79.93 | val loss:1.062 acc:72.97
Epoch:0542 train loss:0.631 acc:79.91 | val loss:1.062 acc:73.31
Epoch:0543 train loss:0.631 acc:80.12 | val loss:1.051 acc:72.68
Epoch:0544 train loss:0.627 acc:80.17 | val loss:1.076 acc:73.35
Epoch:0545 train loss:0.627 acc:80.09 | val loss:1.074 acc:72.35
Epoch:0546 train loss:0.627 acc:80.16 | val loss:1.093 acc:72.83
Epoch:0547 train loss:0.629 acc:80.15 | val loss:1.071 acc:72.15
Epoch:0548 train loss:0.628 acc:80.07 | val loss:1.096 acc:72.77
Epoch:0549 train loss:0.631 acc:80.10 | val loss:1.067 acc:72.97
Epoch:0550 train loss:0.627 acc:80.16 | val loss:1.083 acc:72.94
Epoch:0551 train loss:0.629 acc:80.03 | val loss:1.055 acc:72.69
Epoch:0552 train loss:0.628 acc:80.10 | val loss:1.065 acc:72.84
Epoch:0553 train loss:0.627 acc:80.11 | val loss:1.055 acc:72.82
Epoch:0554 train loss:0.625 acc:80.32 | val loss:1.048 acc:72.93
Epoch:0555 train loss:0.620 acc:80.24 | val loss:1.084 acc:72.93
Epoch:0556 train loss:0.622 acc:80.25 | val loss:1.084 acc:72.62
Epoch:0557 train loss:0.622 acc:80.14 | val loss:1.101 acc:72.31
Epoch:0558 train loss:0.623 acc:80.21 | val loss:1.051 acc:72.75
Epoch:0559 train loss:0.624 acc:80.09 | val loss:1.057 acc:72.63
Epoch:0560 train loss:0.622 acc:80.28 | val loss:1.061 acc:73.17
Epoch:0561 train loss:0.621 acc:80.33 | val loss:1.072 acc:72.98
Epoch:0562 train loss:0.621 acc:80.23 | val loss:1.061 acc:72.84
Epoch:0563 train loss:0.622 acc:80.29 | val loss:1.068 acc:72.99
Epoch:0564 train loss:0.623 acc:80.17 | val loss:1.071 acc:72.79
Epoch:0565 train loss:0.620 acc:80.10 | val loss:1.059 acc:73.09
Epoch:0566 train loss:0.621 acc:80.30 | val loss:1.072 acc:72.73
Epoch:0567 train loss:0.617 acc:80.22 | val loss:1.076 acc:73.11
Epoch:0568 train loss:0.620 acc:80.36 | val loss:1.052 acc:73.11
Epoch:0569 train loss:0.620 acc:80.32 | val loss:1.071 acc:72.67
Epoch:0570 train loss:0.617 acc:80.38 | val loss:1.062 acc:72.92
Epoch:0571 train loss:0.616 acc:80.45 | val loss:1.066 acc:72.92
Epoch:0572 train loss:0.615 acc:80.44 | val loss:1.072 acc:72.82
Epoch:0573 train loss:0.617 acc:80.27 | val loss:1.069 acc:72.82
Epoch:0574 train loss:0.617 acc:80.46 | val loss:1.069 acc:72.76
Epoch:0575 train loss:0.620 acc:80.34 | val loss:1.067 acc:72.75
Epoch:0576 train loss:0.620 acc:80.25 | val loss:1.083 acc:72.85
Epoch:0577 train loss:0.614 acc:80.45 | val loss:1.067 acc:73.22
Epoch:0578 train loss:0.610 acc:80.42 | val loss:1.071 acc:72.80
Epoch:0579 train loss:0.612 acc:80.51 | val loss:1.094 acc:72.95
Epoch:0580 train loss:0.611 acc:80.62 | val loss:1.084 acc:72.29
Epoch:0581 train loss:0.614 acc:80.49 | val loss:1.080 acc:72.60
Epoch:0582 train loss:0.611 acc:80.47 | val loss:1.067 acc:72.79
Epoch:0583 train loss:0.611 acc:80.58 | val loss:1.073 acc:72.42
Epoch:0584 train loss:0.610 acc:80.55 | val loss:1.079 acc:72.52
Epoch:0585 train loss:0.608 acc:80.58 | val loss:1.084 acc:72.93
Epoch:0586 train loss:0.613 acc:80.43 | val loss:1.084 acc:72.80
Epoch:0587 train loss:0.610 acc:80.67 | val loss:1.068 acc:72.79
Epoch:0588 train loss:0.613 acc:80.61 | val loss:1.070 acc:72.64
Epoch:0589 train loss:0.608 acc:80.57 | val loss:1.076 acc:72.70
Epoch:0590 train loss:0.607 acc:80.42 | val loss:1.067 acc:72.57
Epoch:0591 train loss:0.609 acc:80.52 | val loss:1.072 acc:72.80
Epoch:0592 train loss:0.615 acc:80.35 | val loss:1.062 acc:73.16
Epoch:0593 train loss:0.608 acc:80.49 | val loss:1.075 acc:72.66
Epoch:0594 train loss:0.611 acc:80.57 | val loss:1.076 acc:72.57
Epoch:0595 train loss:0.605 acc:80.67 | val loss:1.098 acc:72.55
Epoch:0596 train loss:0.607 acc:80.46 | val loss:1.105 acc:72.88
Epoch:0597 train loss:0.605 acc:80.80 | val loss:1.116 acc:72.81
Epoch:0598 train loss:0.611 acc:80.52 | val loss:1.090 acc:72.55
Epoch:0599 train loss:0.604 acc:80.54 | val loss:1.092 acc:72.45
Epoch:0600 train loss:0.604 acc:80.74 | val loss:1.118 acc:72.43
Epoch:0601 train loss:0.607 acc:80.57 | val loss:1.098 acc:72.75
Epoch:0602 train loss:0.608 acc:80.62 | val loss:1.094 acc:72.56
Epoch:0603 train loss:0.603 acc:80.72 | val loss:1.110 acc:72.62
Epoch:0604 train loss:0.603 acc:80.70 | val loss:1.091 acc:73.16
Epoch:0605 train loss:0.601 acc:80.75 | val loss:1.087 acc:72.73
Epoch:0606 train loss:0.598 acc:80.77 | val loss:1.094 acc:72.16
Epoch:0607 train loss:0.599 acc:80.67 | val loss:1.086 acc:72.62
Epoch:0608 train loss:0.598 acc:80.86 | val loss:1.072 acc:73.05
Epoch:0609 train loss:0.601 acc:80.63 | val loss:1.090 acc:72.51
Epoch:0610 train loss:0.601 acc:80.86 | val loss:1.106 acc:72.72
Epoch:0611 train loss:0.602 acc:80.65 | val loss:1.066 acc:72.72
Epoch:0612 train loss:0.601 acc:80.82 | val loss:1.100 acc:72.73
Epoch:0613 train loss:0.604 acc:80.84 | val loss:1.101 acc:72.32
Epoch:0614 train loss:0.599 acc:80.65 | val loss:1.119 acc:73.01
Epoch:0615 train loss:0.602 acc:80.67 | val loss:1.098 acc:72.61
Epoch:0616 train loss:0.597 acc:80.84 | val loss:1.095 acc:72.75
Epoch:0617 train loss:0.599 acc:80.73 | val loss:1.091 acc:72.35
Epoch:0618 train loss:0.599 acc:80.77 | val loss:1.076 acc:72.66
Epoch:0619 train loss:0.596 acc:80.79 | val loss:1.112 acc:72.71
Epoch:0620 train loss:0.594 acc:81.07 | val loss:1.113 acc:72.68
Epoch:0621 train loss:0.593 acc:80.97 | val loss:1.106 acc:72.44
Epoch:0622 train loss:0.592 acc:80.96 | val loss:1.105 acc:72.63
Epoch:0623 train loss:0.596 acc:80.85 | val loss:1.104 acc:72.13
Epoch:0624 train loss:0.595 acc:80.91 | val loss:1.083 acc:72.69
Epoch:0625 train loss:0.594 acc:80.93 | val loss:1.104 acc:72.63
Epoch:0626 train loss:0.597 acc:80.90 | val loss:1.094 acc:72.25
Epoch:0627 train loss:0.593 acc:80.99 | val loss:1.094 acc:72.73
Epoch:0628 train loss:0.592 acc:80.90 | val loss:1.112 acc:72.86
Epoch:0629 train loss:0.594 acc:80.95 | val loss:1.094 acc:73.04
Epoch:0630 train loss:0.592 acc:80.99 | val loss:1.108 acc:72.51
Epoch:0631 train loss:0.591 acc:80.96 | val loss:1.085 acc:72.84
Epoch:0632 train loss:0.591 acc:80.86 | val loss:1.090 acc:72.98
Epoch:0633 train loss:0.590 acc:80.94 | val loss:1.130 acc:72.80
Epoch:0634 train loss:0.592 acc:81.00 | val loss:1.101 acc:72.43
Epoch:0635 train loss:0.586 acc:81.22 | val loss:1.102 acc:72.71
Epoch:0636 train loss:0.588 acc:80.96 | val loss:1.090 acc:73.17
Epoch:0637 train loss:0.591 acc:81.02 | val loss:1.111 acc:72.66
Epoch:0638 train loss:0.590 acc:81.00 | val loss:1.106 acc:72.32
Epoch:0639 train loss:0.590 acc:80.99 | val loss:1.090 acc:72.50
Epoch:0640 train loss:0.587 acc:81.08 | val loss:1.113 acc:72.58
Epoch:0641 train loss:0.586 acc:81.14 | val loss:1.112 acc:72.94
Epoch:0642 train loss:0.587 acc:81.16 | val loss:1.107 acc:72.66
Epoch:0643 train loss:0.585 acc:81.08 | val loss:1.139 acc:72.73
Epoch:0644 train loss:0.587 acc:81.00 | val loss:1.122 acc:72.53
Epoch:0645 train loss:0.592 acc:80.94 | val loss:1.110 acc:72.74
Epoch:0646 train loss:0.583 acc:81.17 | val loss:1.119 acc:72.65
Epoch:0647 train loss:0.584 acc:81.10 | val loss:1.134 acc:72.70
Epoch:0648 train loss:0.585 acc:81.19 | val loss:1.094 acc:72.66
Epoch:0649 train loss:0.584 acc:81.28 | val loss:1.112 acc:72.38
Epoch:0650 train loss:0.583 acc:81.14 | val loss:1.110 acc:72.42
Epoch:0651 train loss:0.587 acc:81.12 | val loss:1.128 acc:72.97
Epoch:0652 train loss:0.582 acc:81.25 | val loss:1.127 acc:72.85
Epoch:0653 train loss:0.582 acc:81.16 | val loss:1.112 acc:72.26
Epoch:0654 train loss:0.579 acc:81.35 | val loss:1.104 acc:72.83
Epoch:0655 train loss:0.584 acc:81.01 | val loss:1.112 acc:72.21
Epoch:0656 train loss:0.581 acc:81.24 | val loss:1.134 acc:72.61
Epoch:0657 train loss:0.580 acc:81.06 | val loss:1.105 acc:72.79
Epoch:0658 train loss:0.581 acc:81.15 | val loss:1.115 acc:72.25
Epoch:0659 train loss:0.582 acc:81.17 | val loss:1.114 acc:72.78
Epoch:0660 train loss:0.578 acc:81.17 | val loss:1.136 acc:72.79
Train cost: 505.6750s
Load 409th epoch
Valdiation accuracy: 73.82
Valdiation loss: 1.0157
Test accuracy: 72.63
---------------------------------------Results---------------------------------------
PolyFormer on dataset ogbn-arxiv, in 1 repeated experiment:
test acc mean = 72.6334 ± 0.0000  	 val acc mean = 73.8213
